<?xml version="1.0" encoding="UTF-8"?>
<!-- Generated by org.testng.reporters.JUnitReportReporter -->
<testsuite hostname="LAPTOP-LV0FJM8T" failures="0" tests="1" name="Certificates.FirefoxDemo" time="2.456" errors="0" timestamp="2022-11-28T10:33:43 IST" skipped="0">
  <testcase classname="Certificates.FirefoxDemo" name="handleCertificates" time="2.456"/>
  <system-out/>
</testsuite> <!-- Certificates.FirefoxDemo -->
